#
# A fatal error has been detected by the Java Runtime Environment:
#
#  SIGSEGV (0xb) at pc=0x00007faf100000a8, pid=12517, tid=140390810257152
#
# JRE version: Java(TM) SE Runtime Environment (8.0-b132) (build 1.8.0-b132)
# Java VM: Java HotSpot(TM) 64-Bit Server VM (25.0-b70 mixed mode linux-amd64 compressed oops)
# Problematic frame:
# C  0x00007faf100000a8
#
# Failed to write core dump. Core dumps have been disabled. To enable core dumping, try "ulimit -c unlimited" before starting Java again
#
# If you would like to submit a bug report, please visit:
#   http://bugreport.sun.com/bugreport/crash.jsp
#

---------------  T H R E A D  ---------------

Current thread (0x00007faf600c9000):  JavaThread "JDWP Transport Listener: dt_socket" daemon [_thread_in_vm, id=12539, stack(0x00007faf48500000,0x00007faf48601000)]

siginfo:si_signo=SIGSEGV: si_errno=0, si_code=2 (SEGV_ACCERR), si_addr=0x00007faf100000a8

Registers:
RAX=0x00007faf100000b8, RBX=0x00007faf100000c8, RCX=0x0000003d5be182a0, RDX=0x00007faf67e60140
RSP=0x00007faf485ff8d8, RBP=0x00007faf485ff8f0, RSI=0x00007faf600c9000, RDI=0x00007faf100000c8
R8 =0x00007faf600c27c0, R9 =0x0000000000000000, R10=0x0000000000000001, R11=0x00007faf60442190
R12=0x0000000000000017, R13=0x00007faf100000d8, R14=0x00007faf600c9000, R15=0x00007faf485ff9f7
RIP=0x00007faf100000a8, EFLAGS=0x0000000000010202, CSGSFS=0x0000000000000033, ERR=0x0000000000000015
  TRAPNO=0x000000000000000e

Top of Stack: (sp=0x00007faf485ff8d8)
0x00007faf485ff8d8:   00007faf67795237 0000000000000074
0x00007faf485ff8e8:   00007faf60009020 00007faf485ff960
0x00007faf485ff8f8:   00007faf6763167e 00007faf60009020
0x00007faf485ff908:   00007faf485ff910 00007faf600c9000
0x00007faf485ff918:   0000000000000000 00007faf00000000
0x00007faf485ff928:   0000000000000000 00007faf485ff940
0x00007faf485ff938:   00007faf66b29d60 00007faf100000d8
0x00007faf485ff948:   00007faf485ff9f7 0000000000000000
0x00007faf485ff958:   00007faf485ff9f7 00007faf485ff990
0x00007faf485ff968:   00007faf66915872 00007faf485ff990
0x00007faf485ff978:   00007faf100000d8 00007faf485ffa60
0x00007faf485ff988:   0000000000000000 00007faf485ffa20
0x00007faf485ff998:   00007faf668f6a60 00007faf485ff9d8
0x00007faf485ff9a8:   00007faf485ff9d0 00007faf485ff9c8
0x00007faf485ff9b8:   00007faf485ff9ec 00000001100032c0
0x00007faf485ff9c8:   0000000000000000 0000000000000000
0x00007faf485ff9d8:   0000000000000000 00007faf100042b0
0x00007faf485ff9e8:   00007faf485ffa60 0000000000000002
0x00007faf485ff9f8:   0000000000000002 000000000000000f
0x00007faf485ffa08:   0000000000000002 00000000000f0200
0x00007faf485ffa18:   000000000000000f 00007faf485ffc70
0x00007faf485ffa28:   00007faf66901976 00000a3800000013
0x00007faf485ffa38:   00007faf670f0200 00007faf08000ba0
0x00007faf485ffa48:   0000000000000000 00007faf485ffa60
0x00007faf485ffa58:   00007faf485ffbf0 00007faf485ffab4
0x00007faf485ffa68:   00007faf00000128 00007faf485ffa78
0x00007faf485ffa78:   0000000000000004 00007faf485ffab0
0x00007faf485ffa88:   0000000000000000 00007f0000000000
0x00007faf485ffa98:   00000a380000001c 00007faf0000fb80
0x00007faf485ffaa8:   00007faf485ffab0 0000000102000000
0x00007faf485ffab8:   0000001000000000 6d2f7372656e6e07
0x00007faf485ffac8:   6172462f6c65646f 654d6b726f77656d 

Instructions: (pc=0x00007faf100000a8)
0x00007faf10000088:   c0 42 00 10 af 7f 00 00 c0 42 00 10 af 7f 00 00
0x00007faf10000098:   88 00 00 10 af 7f 00 00 88 00 00 10 af 7f 00 00
0x00007faf100000a8:   98 00 00 10 af 7f 00 00 98 00 00 10 af 7f 00 00
0x00007faf100000b8:   a8 00 00 10 af 7f 00 00 a8 00 00 10 af 7f 00 00 

Register to memory mapping:

RAX=0x00007faf100000b8 is an unknown value
RBX=0x00007faf100000c8 is an unknown value
RCX=0x0000003d5be182a0: <offset 0x2182a0> in /lib64/libpthread.so.0 at 0x0000003d5bc00000
RDX=0x00007faf67e60140: <offset 0xef9140> in /media/d2/java/jdk1.8.0/jre/lib/amd64/server/libjvm.so at 0x00007faf66f67000
RSP=0x00007faf485ff8d8 is pointing into the stack for thread: 0x00007faf600c9000
RBP=0x00007faf485ff8f0 is pointing into the stack for thread: 0x00007faf600c9000
RSI=0x00007faf600c9000 is a thread
RDI=0x00007faf100000c8 is an unknown value
R8 =0x00007faf600c27c0 is an unknown value
R9 =0x0000000000000000 is an unknown value
R10=0x0000000000000001 is an unknown value
R11=0x00007faf60442190 is an unknown value
R12=0x0000000000000017 is an unknown value
R13=0x00007faf100000d8 is an unknown value
R14=0x00007faf600c9000 is a thread
R15=0x00007faf485ff9f7 is pointing into the stack for thread: 0x00007faf600c9000


Stack: [0x00007faf48500000,0x00007faf48601000],  sp=0x00007faf485ff8d8,  free space=1022k
Native frames: (J=compiled Java code, j=interpreted, Vv=VM code, C=native code)
C  0x00007faf100000a8
V  [libjvm.so+0x6ca67e]